{"/Users/gladysum/Desktop/todolist/browser/About.js": {"path":"/Users/gladysum/Desktop/todolist/browser/About.js","statementMap":{"0":{"start":{"line":3,"column":14},"end":{"line":9,"column":1}},"1":{"start":{"line":4,"column":2},"end":{"line":8,"column":8}}},"fnMap":{"0":{"name":"(anonymous_0)","decl":{"start":{"line":3,"column":14},"end":{"line":3,"column":15}},"loc":{"start":{"line":4,"column":2},"end":{"line":8,"column":8}},"line":4}},"branchMap":{},"s":{"0":1,"1":2},"f":{"0":2},"b":{},"_coverageSchema":"332fd63041d2c1bcb487cc26dd0d5f7d97098a6c","hash":"1179e5dee54c9ba1e0e45849b7587eb853aad75c"}
,"/Users/gladysum/Desktop/todolist/browser/App.js": {"path":"/Users/gladysum/Desktop/todolist/browser/App.js","statementMap":{"0":{"start":{"line":1,"column":13},"end":{"line":1,"column":75}},"1":{"start":{"line":1,"column":94},"end":{"line":1,"column":623}},"2":{"start":{"line":1,"column":149},"end":{"line":1,"column":414}},"3":{"start":{"line":1,"column":206},"end":{"line":1,"column":214}},"4":{"start":{"line":1,"column":215},"end":{"line":1,"column":270}},"5":{"start":{"line":1,"column":270},"end":{"line":1,"column":301}},"6":{"start":{"line":1,"column":301},"end":{"line":1,"column":355}},"7":{"start":{"line":1,"column":328},"end":{"line":1,"column":355}},"8":{"start":{"line":1,"column":355},"end":{"line":1,"column":413}},"9":{"start":{"line":1,"column":415},"end":{"line":1,"column":620}},"10":{"start":{"line":1,"column":471},"end":{"line":1,"column":539}},"11":{"start":{"line":1,"column":487},"end":{"line":1,"column":539}},"12":{"start":{"line":1,"column":539},"end":{"line":1,"column":599}},"13":{"start":{"line":1,"column":556},"end":{"line":1,"column":599}},"14":{"start":{"line":1,"column":599},"end":{"line":1,"column":618}},"15":{"start":{"line":1,"column":637},"end":{"line":1,"column":653}},"16":{"start":{"line":1,"column":668},"end":{"line":1,"column":698}},"17":{"start":{"line":2,"column":22},"end":{"line":2,"column":49}},"18":{"start":{"line":3,"column":11},"end":{"line":3,"column":27}},"19":{"start":{"line":3,"column":40},"end":{"line":3,"column":68}},"20":{"start":{"line":4,"column":12},"end":{"line":4,"column":29}},"21":{"start":{"line":4,"column":43},"end":{"line":4,"column":72}},"22":{"start":{"line":5,"column":13},"end":{"line":5,"column":31}},"23":{"start":{"line":5,"column":46},"end":{"line":5,"column":76}},"24":{"start":{"line":6,"column":18},"end":{"line":6,"column":40}},"25":{"start":{"line":7,"column":13},"end":{"line":7,"column":29}},"26":{"start":{"line":7,"column":44},"end":{"line":7,"column":74}},"27":{"start":{"line":8,"column":15},"end":{"line":8,"column":35}},"28":{"start":{"line":8,"column":74},"end":{"line":8,"column":128}},"29":{"start":{"line":8,"column":178},"end":{"line":8,"column":277}},"30":{"start":{"line":8,"column":219},"end":{"line":8,"column":276}},"31":{"start":{"line":8,"column":327},"end":{"line":8,"column":426}},"32":{"start":{"line":8,"column":339},"end":{"line":8,"column":425}},"33":{"start":{"line":8,"column":426},"end":{"line":8,"column":512}},"34":{"start":{"line":8,"column":555},"end":{"line":8,"column":718}},"35":{"start":{"line":8,"column":617},"end":{"line":8,"column":717}},"36":{"start":{"line":8,"column":718},"end":{"line":8,"column":882}},"37":{"start":{"line":8,"column":882},"end":{"line":8,"column":1000}},"38":{"start":{"line":8,"column":898},"end":{"line":8,"column":1000}},"39":{"start":{"line":10,"column":13},"end":{"line":16,"column":26}},"40":{"start":{"line":20,"column":6},"end":{"line":50,"column":49}},"41":{"start":{"line":20,"column":35},"end":{"line":20,"column":68}},"42":{"start":{"line":20,"column":84},"end":{"line":20,"column":111}},"43":{"start":{"line":20,"column":111},"end":{"line":20,"column":221}},"44":{"start":{"line":20,"column":222},"end":{"line":50,"column":10}},"45":{"start":{"line":22,"column":18},"end":{"line":22,"column":22}},"46":{"start":{"line":24,"column":6},"end":{"line":27,"column":9}},"47":{"start":{"line":26,"column":8},"end":{"line":26,"column":42}},"48":{"start":{"line":32,"column":6},"end":{"line":43,"column":50}},"49":{"start":{"line":38,"column":48},"end":{"line":43,"column":44}},"50":{"start":{"line":50,"column":10},"end":{"line":50,"column":21}},"51":{"start":{"line":53,"column":22},"end":{"line":54,"column":26}},"52":{"start":{"line":53,"column":55},"end":{"line":54,"column":25}},"53":{"start":{"line":57,"column":25},"end":{"line":60,"column":9}},"54":{"start":{"line":57,"column":64},"end":{"line":60,"column":8}},"55":{"start":{"line":59,"column":6},"end":{"line":59,"column":48}},"56":{"start":{"line":60,"column":10},"end":{"line":63,"column":67}}},"fnMap":{"0":{"name":"(anonymous_0)","decl":{"start":{"line":1,"column":94},"end":{"line":1,"column":95}},"loc":{"start":{"line":1,"column":106},"end":{"line":1,"column":621}},"line":1},"1":{"name":"defineProperties","decl":{"start":{"line":1,"column":116},"end":{"line":1,"column":132}},"loc":{"start":{"line":1,"column":148},"end":{"line":1,"column":415}},"line":1},"2":{"name":"(anonymous_2)","decl":{"start":{"line":1,"column":422},"end":{"line":1,"column":423}},"loc":{"start":{"line":1,"column":470},"end":{"line":1,"column":619}},"line":1},"3":{"name":"_interopRequireDefault","decl":{"start":{"line":8,"column":45},"end":{"line":8,"column":67}},"loc":{"start":{"line":8,"column":73},"end":{"line":8,"column":129}},"line":8},"4":{"name":"_classCallCheck","decl":{"start":{"line":8,"column":138},"end":{"line":8,"column":153}},"loc":{"start":{"line":8,"column":177},"end":{"line":8,"column":278}},"line":8},"5":{"name":"_possibleConstructorReturn","decl":{"start":{"line":8,"column":287},"end":{"line":8,"column":313}},"loc":{"start":{"line":8,"column":326},"end":{"line":8,"column":513}},"line":8},"6":{"name":"_inherits","decl":{"start":{"line":8,"column":522},"end":{"line":8,"column":531}},"loc":{"start":{"line":8,"column":554},"end":{"line":8,"column":1001}},"line":8},"7":{"name":"(anonymous_7)","decl":{"start":{"line":20,"column":6},"end":{"line":20,"column":7}},"loc":{"start":{"line":20,"column":34},"end":{"line":50,"column":22}},"line":20},"8":{"name":"App","decl":{"start":{"line":20,"column":77},"end":{"line":20,"column":80}},"loc":{"start":{"line":20,"column":83},"end":{"line":20,"column":222}},"line":20},"9":{"name":"componentDidMount","decl":{"start":{"line":20,"column":285},"end":{"line":20,"column":302}},"loc":{"start":{"line":22,"column":4},"end":{"line":28,"column":5}},"line":22},"10":{"name":"(anonymous_10)","decl":{"start":{"line":25,"column":11},"end":{"line":25,"column":12}},"loc":{"start":{"line":25,"column":26},"end":{"line":27,"column":7}},"line":25},"11":{"name":"render","decl":{"start":{"line":28,"column":42},"end":{"line":28,"column":48}},"loc":{"start":{"line":30,"column":4},"end":{"line":50,"column":5}},"line":30},"12":{"name":"(anonymous_12)","decl":{"start":{"line":38,"column":23},"end":{"line":38,"column":24}},"loc":{"start":{"line":38,"column":47},"end":{"line":43,"column":45}},"line":38},"13":{"name":"mapStateToProps","decl":{"start":{"line":53,"column":31},"end":{"line":53,"column":46}},"loc":{"start":{"line":53,"column":54},"end":{"line":54,"column":26}},"line":53},"14":{"name":"mapDispatchToProps","decl":{"start":{"line":57,"column":34},"end":{"line":57,"column":52}},"loc":{"start":{"line":57,"column":63},"end":{"line":60,"column":9}},"line":57},"15":{"name":"load_tasks","decl":{"start":{"line":58,"column":25},"end":{"line":58,"column":35}},"loc":{"start":{"line":58,"column":43},"end":{"line":60,"column":5}},"line":58}},"branchMap":{"0":{"loc":{"start":{"line":1,"column":239},"end":{"line":1,"column":269}},"type":"binary-expr","locations":[{"start":{"line":1,"column":239},"end":{"line":1,"column":260}},{"start":{"line":1,"column":264},"end":{"line":1,"column":269}}],"line":1},"1":{"loc":{"start":{"line":1,"column":301},"end":{"line":1,"column":355}},"type":"if","locations":[{"start":{"line":1,"column":301},"end":{"line":1,"column":355}},{"start":{"line":1,"column":301},"end":{"line":1,"column":355}}],"line":1},"2":{"loc":{"start":{"line":1,"column":471},"end":{"line":1,"column":539}},"type":"if","locations":[{"start":{"line":1,"column":471},"end":{"line":1,"column":539}},{"start":{"line":1,"column":471},"end":{"line":1,"column":539}}],"line":1},"3":{"loc":{"start":{"line":1,"column":539},"end":{"line":1,"column":599}},"type":"if","locations":[{"start":{"line":1,"column":539},"end":{"line":1,"column":599}},{"start":{"line":1,"column":539},"end":{"line":1,"column":599}}],"line":1},"4":{"loc":{"start":{"line":8,"column":81},"end":{"line":8,"column":127}},"type":"cond-expr","locations":[{"start":{"line":8,"column":105},"end":{"line":8,"column":108}},{"start":{"line":8,"column":111},"end":{"line":8,"column":127}}],"line":8},"5":{"loc":{"start":{"line":8,"column":81},"end":{"line":8,"column":102}},"type":"binary-expr","locations":[{"start":{"line":8,"column":81},"end":{"line":8,"column":84}},{"start":{"line":8,"column":88},"end":{"line":8,"column":102}}],"line":8},"6":{"loc":{"start":{"line":8,"column":178},"end":{"line":8,"column":277}},"type":"if","locations":[{"start":{"line":8,"column":178},"end":{"line":8,"column":277}},{"start":{"line":8,"column":178},"end":{"line":8,"column":277}}],"line":8},"7":{"loc":{"start":{"line":8,"column":327},"end":{"line":8,"column":426}},"type":"if","locations":[{"start":{"line":8,"column":327},"end":{"line":8,"column":426}},{"start":{"line":8,"column":327},"end":{"line":8,"column":426}}],"line":8},"8":{"loc":{"start":{"line":8,"column":433},"end":{"line":8,"column":511}},"type":"cond-expr","locations":[{"start":{"line":8,"column":500},"end":{"line":8,"column":504}},{"start":{"line":8,"column":507},"end":{"line":8,"column":511}}],"line":8},"9":{"loc":{"start":{"line":8,"column":433},"end":{"line":8,"column":497}},"type":"binary-expr","locations":[{"start":{"line":8,"column":433},"end":{"line":8,"column":437}},{"start":{"line":8,"column":442},"end":{"line":8,"column":466}},{"start":{"line":8,"column":470},"end":{"line":8,"column":496}}],"line":8},"10":{"loc":{"start":{"line":8,"column":555},"end":{"line":8,"column":718}},"type":"if","locations":[{"start":{"line":8,"column":555},"end":{"line":8,"column":718}},{"start":{"line":8,"column":555},"end":{"line":8,"column":718}}],"line":8},"11":{"loc":{"start":{"line":8,"column":559},"end":{"line":8,"column":614}},"type":"binary-expr","locations":[{"start":{"line":8,"column":559},"end":{"line":8,"column":591}},{"start":{"line":8,"column":595},"end":{"line":8,"column":614}}],"line":8},"12":{"loc":{"start":{"line":8,"column":753},"end":{"line":8,"column":787}},"type":"binary-expr","locations":[{"start":{"line":8,"column":753},"end":{"line":8,"column":763}},{"start":{"line":8,"column":767},"end":{"line":8,"column":787}}],"line":8},"13":{"loc":{"start":{"line":8,"column":882},"end":{"line":8,"column":1000}},"type":"if","locations":[{"start":{"line":8,"column":882},"end":{"line":8,"column":1000}},{"start":{"line":8,"column":882},"end":{"line":8,"column":1000}}],"line":8},"14":{"loc":{"start":{"line":8,"column":898},"end":{"line":8,"column":999}},"type":"cond-expr","locations":[{"start":{"line":8,"column":922},"end":{"line":8,"column":965}},{"start":{"line":8,"column":968},"end":{"line":8,"column":999}}],"line":8},"15":{"loc":{"start":{"line":20,"column":152},"end":{"line":20,"column":195}},"type":"binary-expr","locations":[{"start":{"line":20,"column":152},"end":{"line":20,"column":165}},{"start":{"line":20,"column":169},"end":{"line":20,"column":195}}],"line":20}},"s":{"0":0,"1":0,"2":0,"3":0,"4":0,"5":0,"6":0,"7":0,"8":0,"9":0,"10":0,"11":0,"12":0,"13":0,"14":0,"15":0,"16":0,"17":0,"18":0,"19":0,"20":0,"21":0,"22":0,"23":0,"24":0,"25":0,"26":0,"27":0,"28":0,"29":0,"30":0,"31":0,"32":0,"33":0,"34":0,"35":0,"36":0,"37":0,"38":0,"39":0,"40":0,"41":0,"42":0,"43":0,"44":0,"45":0,"46":0,"47":0,"48":0,"49":0,"50":0,"51":0,"52":0,"53":0,"54":0,"55":0,"56":0},"f":{"0":0,"1":0,"2":0,"3":0,"4":0,"5":0,"6":0,"7":0,"8":0,"9":0,"10":0,"11":0,"12":0,"13":0,"14":0,"15":0},"b":{"0":[0,0],"1":[0,0],"2":[0,0],"3":[0,0],"4":[0,0],"5":[0,0],"6":[0,0],"7":[0,0],"8":[0,0],"9":[0,0,0],"10":[0,0],"11":[0,0],"12":[0,0],"13":[0,0],"14":[0,0],"15":[0,0]}}
,"/Users/gladysum/Desktop/todolist/browser/Home.js": {"path":"/Users/gladysum/Desktop/todolist/browser/Home.js","statementMap":{"0":{"start":{"line":9,"column":4},"end":{"line":9,"column":12}},"1":{"start":{"line":10,"column":4},"end":{"line":13,"column":5}},"2":{"start":{"line":14,"column":4},"end":{"line":14,"column":53}},"3":{"start":{"line":15,"column":4},"end":{"line":15,"column":53}},"4":{"start":{"line":19,"column":4},"end":{"line":22,"column":7}},"5":{"start":{"line":26,"column":4},"end":{"line":26,"column":27}},"6":{"start":{"line":27,"column":4},"end":{"line":45,"column":5}},"7":{"start":{"line":28,"column":6},"end":{"line":30,"column":8}},"8":{"start":{"line":33,"column":19},"end":{"line":33,"column":35}},"9":{"start":{"line":35,"column":7},"end":{"line":44,"column":43}},"10":{"start":{"line":38,"column":10},"end":{"line":38,"column":35}},"11":{"start":{"line":40,"column":10},"end":{"line":42,"column":13}},"12":{"start":{"line":44,"column":22},"end":{"line":44,"column":40}},"13":{"start":{"line":49,"column":4},"end":{"line":81,"column":5}},"14":{"start":{"line":85,"column":27},"end":{"line":89,"column":2}},"15":{"start":{"line":85,"column":40},"end":{"line":89,"column":1}},"16":{"start":{"line":87,"column":4},"end":{"line":87,"column":24}}},"fnMap":{"0":{"name":"(anonymous_0)","decl":{"start":{"line":8,"column":2},"end":{"line":8,"column":3}},"loc":{"start":{"line":8,"column":16},"end":{"line":16,"column":3}},"line":8},"1":{"name":"(anonymous_1)","decl":{"start":{"line":18,"column":2},"end":{"line":18,"column":3}},"loc":{"start":{"line":18,"column":22},"end":{"line":23,"column":3}},"line":18},"2":{"name":"(anonymous_2)","decl":{"start":{"line":25,"column":2},"end":{"line":25,"column":3}},"loc":{"start":{"line":25,"column":22},"end":{"line":46,"column":3}},"line":25},"3":{"name":"(anonymous_3)","decl":{"start":{"line":36,"column":13},"end":{"line":36,"column":14}},"loc":{"start":{"line":36,"column":18},"end":{"line":43,"column":8}},"line":36},"4":{"name":"(anonymous_4)","decl":{"start":{"line":44,"column":14},"end":{"line":44,"column":15}},"loc":{"start":{"line":44,"column":21},"end":{"line":44,"column":41}},"line":44},"5":{"name":"(anonymous_5)","decl":{"start":{"line":48,"column":2},"end":{"line":48,"column":3}},"loc":{"start":{"line":48,"column":11},"end":{"line":82,"column":3}},"line":48},"6":{"name":"(anonymous_6)","decl":{"start":{"line":85,"column":27},"end":{"line":85,"column":28}},"loc":{"start":{"line":85,"column":40},"end":{"line":89,"column":1}},"line":85},"7":{"name":"(anonymous_7)","decl":{"start":{"line":86,"column":7},"end":{"line":86,"column":8}},"loc":{"start":{"line":86,"column":16},"end":{"line":88,"column":3}},"line":86}},"branchMap":{"0":{"loc":{"start":{"line":27,"column":4},"end":{"line":45,"column":5}},"type":"if","locations":[{"start":{"line":27,"column":4},"end":{"line":45,"column":5}},{"start":{"line":27,"column":4},"end":{"line":45,"column":5}}],"line":27},"1":{"loc":{"start":{"line":63,"column":13},"end":{"line":63,"column":55}},"type":"cond-expr","locations":[{"start":{"line":63,"column":32},"end":{"line":63,"column":48}},{"start":{"line":63,"column":51},"end":{"line":63,"column":55}}],"line":63}},"s":{"0":1,"1":1,"2":1,"3":1,"4":2,"5":2,"6":2,"7":1,"8":1,"9":1,"10":0,"11":0,"12":1,"13":4,"14":1,"15":1,"16":0},"f":{"0":1,"1":2,"2":2,"3":0,"4":1,"5":4,"6":1,"7":0},"b":{"0":[1,1],"1":[1,3]},"_coverageSchema":"332fd63041d2c1bcb487cc26dd0d5f7d97098a6c","hash":"245af53d1b4a0aacb0d3b10f01264d0a6fff996b"}
,"/Users/gladysum/Desktop/todolist/browser/List.js": {"path":"/Users/gladysum/Desktop/todolist/browser/List.js","statementMap":{"0":{"start":{"line":7,"column":4},"end":{"line":7,"column":12}},"1":{"start":{"line":11,"column":4},"end":{"line":20,"column":5}},"2":{"start":{"line":14,"column":10},"end":{"line":17,"column":12}},"3":{"start":{"line":24,"column":24},"end":{"line":26,"column":2}},"4":{"start":{"line":24,"column":34},"end":{"line":26,"column":1}}},"fnMap":{"0":{"name":"(anonymous_0)","decl":{"start":{"line":6,"column":2},"end":{"line":6,"column":3}},"loc":{"start":{"line":6,"column":16},"end":{"line":8,"column":3}},"line":6},"1":{"name":"(anonymous_1)","decl":{"start":{"line":10,"column":2},"end":{"line":10,"column":3}},"loc":{"start":{"line":10,"column":11},"end":{"line":21,"column":3}},"line":10},"2":{"name":"(anonymous_2)","decl":{"start":{"line":13,"column":56},"end":{"line":13,"column":57}},"loc":{"start":{"line":14,"column":10},"end":{"line":17,"column":12}},"line":14},"3":{"name":"(anonymous_3)","decl":{"start":{"line":24,"column":24},"end":{"line":24,"column":25}},"loc":{"start":{"line":24,"column":34},"end":{"line":26,"column":1}},"line":24}},"branchMap":{"0":{"loc":{"start":{"line":13,"column":9},"end":{"line":18,"column":30}},"type":"cond-expr","locations":[{"start":{"line":13,"column":35},"end":{"line":18,"column":10}},{"start":{"line":18,"column":13},"end":{"line":18,"column":30}}],"line":13}},"s":{"0":2,"1":2,"2":0,"3":2,"4":2},"f":{"0":2,"1":2,"2":0,"3":2},"b":{"0":[0,2]},"_coverageSchema":"332fd63041d2c1bcb487cc26dd0d5f7d97098a6c","hash":"f91ee5e347fb7c18fbcf205ebd9c5e365325acf5"}
,"/Users/gladysum/Desktop/todolist/browser/Nav.js": {"path":"/Users/gladysum/Desktop/todolist/browser/Nav.js","statementMap":{"0":{"start":{"line":4,"column":12},"end":{"line":27,"column":1}},"1":{"start":{"line":5,"column":2},"end":{"line":26,"column":8}}},"fnMap":{"0":{"name":"(anonymous_0)","decl":{"start":{"line":4,"column":12},"end":{"line":4,"column":13}},"loc":{"start":{"line":5,"column":2},"end":{"line":26,"column":8}},"line":5}},"branchMap":{},"s":{"0":1,"1":1},"f":{"0":1},"b":{},"_coverageSchema":"332fd63041d2c1bcb487cc26dd0d5f7d97098a6c","hash":"ed0215f50a49a655ba10a875675ec7ef3d783ef7"}
,"/Users/gladysum/Desktop/todolist/browser/Task.js": {"path":"/Users/gladysum/Desktop/todolist/browser/Task.js","statementMap":{"0":{"start":{"line":8,"column":4},"end":{"line":8,"column":17}},"1":{"start":{"line":9,"column":4},"end":{"line":14,"column":6}},"2":{"start":{"line":15,"column":4},"end":{"line":15,"column":53}},"3":{"start":{"line":16,"column":4},"end":{"line":16,"column":49}},"4":{"start":{"line":17,"column":4},"end":{"line":17,"column":49}},"5":{"start":{"line":18,"column":4},"end":{"line":18,"column":53}},"6":{"start":{"line":22,"column":4},"end":{"line":22,"column":27}},"7":{"start":{"line":23,"column":13},"end":{"line":23,"column":31}},"8":{"start":{"line":25,"column":4},"end":{"line":29,"column":40}},"9":{"start":{"line":27,"column":6},"end":{"line":27,"column":26}},"10":{"start":{"line":29,"column":19},"end":{"line":29,"column":37}},"11":{"start":{"line":33,"column":4},"end":{"line":33,"column":27}},"12":{"start":{"line":34,"column":4},"end":{"line":38,"column":7}},"13":{"start":{"line":42,"column":4},"end":{"line":44,"column":7}},"14":{"start":{"line":48,"column":4},"end":{"line":48,"column":27}},"15":{"start":{"line":49,"column":13},"end":{"line":49,"column":31}},"16":{"start":{"line":50,"column":21},"end":{"line":50,"column":37}},"17":{"start":{"line":52,"column":4},"end":{"line":76,"column":5}},"18":{"start":{"line":53,"column":6},"end":{"line":55,"column":8}},"19":{"start":{"line":58,"column":9},"end":{"line":76,"column":5}},"20":{"start":{"line":59,"column":6},"end":{"line":62,"column":9}},"21":{"start":{"line":66,"column":6},"end":{"line":75,"column":42}},"22":{"start":{"line":69,"column":8},"end":{"line":69,"column":43}},"23":{"start":{"line":70,"column":8},"end":{"line":73,"column":11}},"24":{"start":{"line":75,"column":21},"end":{"line":75,"column":39}},"25":{"start":{"line":80,"column":4},"end":{"line":121,"column":5}},"26":{"start":{"line":125,"column":27},"end":{"line":132,"column":2}},"27":{"start":{"line":125,"column":40},"end":{"line":132,"column":1}},"28":{"start":{"line":127,"column":4},"end":{"line":127,"column":22}},"29":{"start":{"line":130,"column":4},"end":{"line":130,"column":34}}},"fnMap":{"0":{"name":"(anonymous_0)","decl":{"start":{"line":7,"column":2},"end":{"line":7,"column":3}},"loc":{"start":{"line":7,"column":21},"end":{"line":19,"column":3}},"line":7},"1":{"name":"(anonymous_1)","decl":{"start":{"line":21,"column":2},"end":{"line":21,"column":3}},"loc":{"start":{"line":21,"column":22},"end":{"line":30,"column":3}},"line":21},"2":{"name":"(anonymous_2)","decl":{"start":{"line":26,"column":10},"end":{"line":26,"column":11}},"loc":{"start":{"line":26,"column":15},"end":{"line":28,"column":5}},"line":26},"3":{"name":"(anonymous_3)","decl":{"start":{"line":29,"column":11},"end":{"line":29,"column":12}},"loc":{"start":{"line":29,"column":18},"end":{"line":29,"column":38}},"line":29},"4":{"name":"(anonymous_4)","decl":{"start":{"line":32,"column":2},"end":{"line":32,"column":3}},"loc":{"start":{"line":32,"column":20},"end":{"line":39,"column":3}},"line":32},"5":{"name":"(anonymous_5)","decl":{"start":{"line":41,"column":2},"end":{"line":41,"column":3}},"loc":{"start":{"line":41,"column":22},"end":{"line":45,"column":3}},"line":41},"6":{"name":"(anonymous_6)","decl":{"start":{"line":47,"column":2},"end":{"line":47,"column":3}},"loc":{"start":{"line":47,"column":20},"end":{"line":77,"column":3}},"line":47},"7":{"name":"(anonymous_7)","decl":{"start":{"line":67,"column":12},"end":{"line":67,"column":13}},"loc":{"start":{"line":67,"column":19},"end":{"line":74,"column":7}},"line":67},"8":{"name":"(anonymous_8)","decl":{"start":{"line":75,"column":13},"end":{"line":75,"column":14}},"loc":{"start":{"line":75,"column":20},"end":{"line":75,"column":40}},"line":75},"9":{"name":"(anonymous_9)","decl":{"start":{"line":79,"column":2},"end":{"line":79,"column":3}},"loc":{"start":{"line":79,"column":11},"end":{"line":122,"column":3}},"line":79},"10":{"name":"(anonymous_10)","decl":{"start":{"line":125,"column":27},"end":{"line":125,"column":28}},"loc":{"start":{"line":125,"column":40},"end":{"line":132,"column":1}},"line":125},"11":{"name":"(anonymous_11)","decl":{"start":{"line":126,"column":8},"end":{"line":126,"column":9}},"loc":{"start":{"line":126,"column":14},"end":{"line":128,"column":3}},"line":126},"12":{"name":"(anonymous_12)","decl":{"start":{"line":129,"column":11},"end":{"line":129,"column":12}},"loc":{"start":{"line":129,"column":28},"end":{"line":131,"column":3}},"line":129}},"branchMap":{"0":{"loc":{"start":{"line":52,"column":4},"end":{"line":76,"column":5}},"type":"if","locations":[{"start":{"line":52,"column":4},"end":{"line":76,"column":5}},{"start":{"line":52,"column":4},"end":{"line":76,"column":5}}],"line":52},"1":{"loc":{"start":{"line":58,"column":9},"end":{"line":76,"column":5}},"type":"if","locations":[{"start":{"line":58,"column":9},"end":{"line":76,"column":5}},{"start":{"line":58,"column":9},"end":{"line":76,"column":5}}],"line":58},"2":{"loc":{"start":{"line":93,"column":21},"end":{"line":93,"column":72}},"type":"cond-expr","locations":[{"start":{"line":93,"column":43},"end":{"line":93,"column":56}},{"start":{"line":93,"column":59},"end":{"line":93,"column":72}}],"line":93},"3":{"loc":{"start":{"line":96,"column":19},"end":{"line":96,"column":74}},"type":"cond-expr","locations":[{"start":{"line":96,"column":41},"end":{"line":96,"column":56}},{"start":{"line":96,"column":59},"end":{"line":96,"column":74}}],"line":96},"4":{"loc":{"start":{"line":98,"column":11},"end":{"line":98,"column":48}},"type":"cond-expr","locations":[{"start":{"line":98,"column":33},"end":{"line":98,"column":39}},{"start":{"line":98,"column":42},"end":{"line":98,"column":48}}],"line":98},"5":{"loc":{"start":{"line":101,"column":9},"end":{"line":113,"column":12}},"type":"cond-expr","locations":[{"start":{"line":103,"column":10},"end":{"line":105,"column":16}},{"start":{"line":107,"column":10},"end":{"line":113,"column":12}}],"line":101},"6":{"loc":{"start":{"line":111,"column":19},"end":{"line":111,"column":88}},"type":"cond-expr","locations":[{"start":{"line":111,"column":46},"end":{"line":111,"column":62}},{"start":{"line":111,"column":65},"end":{"line":111,"column":88}}],"line":111},"7":{"loc":{"start":{"line":117,"column":11},"end":{"line":117,"column":53}},"type":"cond-expr","locations":[{"start":{"line":117,"column":30},"end":{"line":117,"column":46}},{"start":{"line":117,"column":49},"end":{"line":117,"column":53}}],"line":117}},"s":{"0":11,"1":11,"2":11,"3":11,"4":11,"5":11,"6":0,"7":0,"8":0,"9":0,"10":0,"11":8,"12":8,"13":1,"14":4,"15":4,"16":4,"17":4,"18":1,"19":3,"20":3,"21":0,"22":0,"23":0,"24":0,"25":24,"26":3,"27":11,"28":0,"29":0},"f":{"0":11,"1":0,"2":0,"3":0,"4":8,"5":1,"6":4,"7":0,"8":0,"9":24,"10":11,"11":0,"12":0},"b":{"0":[1,3],"1":[3,0],"2":[14,10],"3":[14,10],"4":[14,10],"5":[14,10],"6":[10,0],"7":[1,23]},"_coverageSchema":"332fd63041d2c1bcb487cc26dd0d5f7d97098a6c","hash":"544c195163d1eb6ed07deb000385d9dbaa367f80"}
,"/Users/gladysum/Desktop/todolist/browser/index.js": {"path":"/Users/gladysum/Desktop/todolist/browser/index.js","statementMap":{"0":{"start":{"line":1,"column":26},"end":{"line":1,"column":42}},"1":{"start":{"line":1,"column":57},"end":{"line":1,"column":87}},"2":{"start":{"line":2,"column":16},"end":{"line":2,"column":36}},"3":{"start":{"line":2,"column":54},"end":{"line":2,"column":87}},"4":{"start":{"line":3,"column":22},"end":{"line":3,"column":49}},"5":{"start":{"line":4,"column":24},"end":{"line":4,"column":70}},"6":{"start":{"line":4,"column":96},"end":{"line":4,"column":137}},"7":{"start":{"line":5,"column":18},"end":{"line":5,"column":40}},"8":{"start":{"line":6,"column":13},"end":{"line":6,"column":31}},"9":{"start":{"line":6,"column":46},"end":{"line":6,"column":76}},"10":{"start":{"line":7,"column":11},"end":{"line":7,"column":27}},"11":{"start":{"line":7,"column":40},"end":{"line":7,"column":68}},"12":{"start":{"line":7,"column":107},"end":{"line":7,"column":161}},"13":{"start":{"line":9,"column":0},"end":{"line":17,"column":32}}},"fnMap":{"0":{"name":"_interopRequireDefault","decl":{"start":{"line":7,"column":78},"end":{"line":7,"column":100}},"loc":{"start":{"line":7,"column":106},"end":{"line":7,"column":162}},"line":7}},"branchMap":{"0":{"loc":{"start":{"line":7,"column":114},"end":{"line":7,"column":160}},"type":"cond-expr","locations":[{"start":{"line":7,"column":138},"end":{"line":7,"column":141}},{"start":{"line":7,"column":144},"end":{"line":7,"column":160}}],"line":7},"1":{"loc":{"start":{"line":7,"column":114},"end":{"line":7,"column":135}},"type":"binary-expr","locations":[{"start":{"line":7,"column":114},"end":{"line":7,"column":117}},{"start":{"line":7,"column":121},"end":{"line":7,"column":135}}],"line":7}},"s":{"0":0,"1":0,"2":0,"3":0,"4":0,"5":0,"6":0,"7":0,"8":0,"9":0,"10":0,"11":0,"12":0,"13":0},"f":{"0":0},"b":{"0":[0,0],"1":[0,0]}}
,"/Users/gladysum/Desktop/todolist/browser/reducer.js": {"path":"/Users/gladysum/Desktop/todolist/browser/reducer.js","statementMap":{"0":{"start":{"line":1,"column":21},"end":{"line":3,"column":1}},"1":{"start":{"line":7,"column":16},"end":{"line":34,"column":1}},"2":{"start":{"line":8,"column":2},"end":{"line":33,"column":3}},"3":{"start":{"line":10,"column":6},"end":{"line":12,"column":9}},"4":{"start":{"line":15,"column":6},"end":{"line":17,"column":9}},"5":{"start":{"line":16,"column":44},"end":{"line":16,"column":70}},"6":{"start":{"line":20,"column":18},"end":{"line":20,"column":35}},"7":{"start":{"line":21,"column":20},"end":{"line":21,"column":34}},"8":{"start":{"line":22,"column":6},"end":{"line":24,"column":9}},"9":{"start":{"line":23,"column":41},"end":{"line":23,"column":75}},"10":{"start":{"line":27,"column":6},"end":{"line":29,"column":9}},"11":{"start":{"line":32,"column":6},"end":{"line":32,"column":19}},"12":{"start":{"line":38,"column":19},"end":{"line":38,"column":24}},"13":{"start":{"line":39,"column":20},"end":{"line":39,"column":26}},"14":{"start":{"line":40,"column":23},"end":{"line":40,"column":32}},"15":{"start":{"line":41,"column":26},"end":{"line":41,"column":38}},"16":{"start":{"line":45,"column":19},"end":{"line":48,"column":2}},"17":{"start":{"line":45,"column":31},"end":{"line":48,"column":1}},"18":{"start":{"line":50,"column":20},"end":{"line":53,"column":2}},"19":{"start":{"line":50,"column":27},"end":{"line":53,"column":1}},"20":{"start":{"line":55,"column":23},"end":{"line":61,"column":2}},"21":{"start":{"line":55,"column":41},"end":{"line":61,"column":1}},"22":{"start":{"line":63,"column":26},"end":{"line":66,"column":2}},"23":{"start":{"line":63,"column":36},"end":{"line":66,"column":1}}},"fnMap":{"0":{"name":"(anonymous_0)","decl":{"start":{"line":7,"column":16},"end":{"line":7,"column":17}},"loc":{"start":{"line":7,"column":50},"end":{"line":34,"column":1}},"line":7},"1":{"name":"(anonymous_1)","decl":{"start":{"line":16,"column":34},"end":{"line":16,"column":35}},"loc":{"start":{"line":16,"column":44},"end":{"line":16,"column":70}},"line":16},"2":{"name":"(anonymous_2)","decl":{"start":{"line":23,"column":31},"end":{"line":23,"column":32}},"loc":{"start":{"line":23,"column":41},"end":{"line":23,"column":75}},"line":23},"3":{"name":"(anonymous_3)","decl":{"start":{"line":45,"column":19},"end":{"line":45,"column":20}},"loc":{"start":{"line":45,"column":31},"end":{"line":48,"column":1}},"line":45},"4":{"name":"(anonymous_4)","decl":{"start":{"line":50,"column":20},"end":{"line":50,"column":21}},"loc":{"start":{"line":50,"column":27},"end":{"line":53,"column":1}},"line":50},"5":{"name":"(anonymous_5)","decl":{"start":{"line":55,"column":23},"end":{"line":55,"column":24}},"loc":{"start":{"line":55,"column":41},"end":{"line":61,"column":1}},"line":55},"6":{"name":"(anonymous_6)","decl":{"start":{"line":63,"column":26},"end":{"line":63,"column":27}},"loc":{"start":{"line":63,"column":36},"end":{"line":66,"column":1}},"line":63}},"branchMap":{"0":{"loc":{"start":{"line":7,"column":17},"end":{"line":7,"column":37}},"type":"default-arg","locations":[{"start":{"line":7,"column":25},"end":{"line":7,"column":37}}],"line":7},"1":{"loc":{"start":{"line":8,"column":2},"end":{"line":33,"column":3}},"type":"switch","locations":[{"start":{"line":9,"column":4},"end":{"line":12,"column":9}},{"start":{"line":14,"column":4},"end":{"line":17,"column":9}},{"start":{"line":19,"column":4},"end":{"line":24,"column":9}},{"start":{"line":26,"column":4},"end":{"line":29,"column":9}},{"start":{"line":31,"column":4},"end":{"line":32,"column":19}}],"line":8},"2":{"loc":{"start":{"line":23,"column":41},"end":{"line":23,"column":75}},"type":"cond-expr","locations":[{"start":{"line":23,"column":61},"end":{"line":23,"column":68}},{"start":{"line":23,"column":71},"end":{"line":23,"column":75}}],"line":23}},"s":{"0":4,"1":4,"2":7,"3":1,"4":1,"5":3,"6":1,"7":1,"8":1,"9":3,"10":0,"11":4,"12":4,"13":4,"14":4,"15":4,"16":4,"17":1,"18":4,"19":1,"20":4,"21":1,"22":4,"23":0},"f":{"0":7,"1":3,"2":3,"3":1,"4":1,"5":1,"6":0},"b":{"0":[5],"1":[1,1,1,0,4],"2":[1,2]},"_coverageSchema":"332fd63041d2c1bcb487cc26dd0d5f7d97098a6c","hash":"b45bdf9d4b2d483f9dcc97883cacb5fbd9d92f69"}
,"/Users/gladysum/Desktop/todolist/browser/store.js": {"path":"/Users/gladysum/Desktop/todolist/browser/store.js","statementMap":{"0":{"start":{"line":7,"column":14},"end":{"line":13,"column":1}}},"fnMap":{},"branchMap":{},"s":{"0":3},"f":{},"b":{},"_coverageSchema":"332fd63041d2c1bcb487cc26dd0d5f7d97098a6c","hash":"c9f4c892d47ccebc11b826f3dc932b263a9424df"}
}
