{"/Users/gladysum/Desktop/todolist/browser/About.js": {"path":"/Users/gladysum/Desktop/todolist/browser/About.js","statementMap":{"0":{"start":{"line":3,"column":14},"end":{"line":9,"column":1}},"1":{"start":{"line":4,"column":2},"end":{"line":8,"column":8}}},"fnMap":{"0":{"name":"(anonymous_0)","decl":{"start":{"line":3,"column":14},"end":{"line":3,"column":15}},"loc":{"start":{"line":4,"column":2},"end":{"line":8,"column":8}},"line":4}},"branchMap":{},"s":{"0":1,"1":5},"f":{"0":5},"b":{},"_coverageSchema":"332fd63041d2c1bcb487cc26dd0d5f7d97098a6c","hash":"1179e5dee54c9ba1e0e45849b7587eb853aad75c"}
,"/Users/gladysum/Desktop/todolist/browser/App.js": {"path":"/Users/gladysum/Desktop/todolist/browser/App.js","statementMap":{"0":{"start":{"line":1,"column":13},"end":{"line":1,"column":75}},"1":{"start":{"line":1,"column":88},"end":{"line":1,"column":104}},"2":{"start":{"line":1,"column":119},"end":{"line":1,"column":149}},"3":{"start":{"line":2,"column":22},"end":{"line":2,"column":49}},"4":{"start":{"line":3,"column":11},"end":{"line":3,"column":27}},"5":{"start":{"line":3,"column":40},"end":{"line":3,"column":68}},"6":{"start":{"line":4,"column":12},"end":{"line":4,"column":29}},"7":{"start":{"line":4,"column":43},"end":{"line":4,"column":72}},"8":{"start":{"line":5,"column":13},"end":{"line":5,"column":31}},"9":{"start":{"line":5,"column":46},"end":{"line":5,"column":76}},"10":{"start":{"line":5,"column":115},"end":{"line":5,"column":169}},"11":{"start":{"line":7,"column":13},"end":{"line":13,"column":26}},"12":{"start":{"line":17,"column":10},"end":{"line":28,"column":47}},"13":{"start":{"line":17,"column":26},"end":{"line":28,"column":46}},"14":{"start":{"line":23,"column":44},"end":{"line":28,"column":40}},"15":{"start":{"line":28,"column":48},"end":{"line":36,"column":4}}},"fnMap":{"0":{"name":"_interopRequireDefault","decl":{"start":{"line":5,"column":86},"end":{"line":5,"column":108}},"loc":{"start":{"line":5,"column":114},"end":{"line":5,"column":170}},"line":5},"1":{"name":"App","decl":{"start":{"line":17,"column":19},"end":{"line":17,"column":22}},"loc":{"start":{"line":17,"column":25},"end":{"line":28,"column":47}},"line":17},"2":{"name":"(anonymous_2)","decl":{"start":{"line":23,"column":19},"end":{"line":23,"column":20}},"loc":{"start":{"line":23,"column":43},"end":{"line":28,"column":41}},"line":23}},"branchMap":{"0":{"loc":{"start":{"line":5,"column":122},"end":{"line":5,"column":168}},"type":"cond-expr","locations":[{"start":{"line":5,"column":146},"end":{"line":5,"column":149}},{"start":{"line":5,"column":152},"end":{"line":5,"column":168}}],"line":5},"1":{"loc":{"start":{"line":5,"column":122},"end":{"line":5,"column":143}},"type":"binary-expr","locations":[{"start":{"line":5,"column":122},"end":{"line":5,"column":125}},{"start":{"line":5,"column":129},"end":{"line":5,"column":143}}],"line":5}},"s":{"0":0,"1":0,"2":0,"3":0,"4":0,"5":0,"6":0,"7":0,"8":0,"9":0,"10":0,"11":0,"12":0,"13":0,"14":0,"15":0},"f":{"0":0,"1":0,"2":0},"b":{"0":[0,0],"1":[0,0]}}
,"/Users/gladysum/Desktop/todolist/browser/Home.js": {"path":"/Users/gladysum/Desktop/todolist/browser/Home.js","statementMap":{"0":{"start":{"line":9,"column":4},"end":{"line":9,"column":12}},"1":{"start":{"line":10,"column":4},"end":{"line":13,"column":5}},"2":{"start":{"line":14,"column":4},"end":{"line":14,"column":53}},"3":{"start":{"line":15,"column":4},"end":{"line":15,"column":53}},"4":{"start":{"line":19,"column":4},"end":{"line":22,"column":7}},"5":{"start":{"line":26,"column":4},"end":{"line":26,"column":27}},"6":{"start":{"line":27,"column":4},"end":{"line":46,"column":7}},"7":{"start":{"line":28,"column":6},"end":{"line":30,"column":8}},"8":{"start":{"line":33,"column":19},"end":{"line":33,"column":35}},"9":{"start":{"line":36,"column":7},"end":{"line":38,"column":10}},"10":{"start":{"line":41,"column":7},"end":{"line":45,"column":43}},"11":{"start":{"line":43,"column":9},"end":{"line":43,"column":39}},"12":{"start":{"line":45,"column":22},"end":{"line":45,"column":40}},"13":{"start":{"line":50,"column":4},"end":{"line":82,"column":5}},"14":{"start":{"line":86,"column":27},"end":{"line":90,"column":2}},"15":{"start":{"line":86,"column":40},"end":{"line":90,"column":1}},"16":{"start":{"line":88,"column":4},"end":{"line":88,"column":24}}},"fnMap":{"0":{"name":"(anonymous_0)","decl":{"start":{"line":8,"column":2},"end":{"line":8,"column":3}},"loc":{"start":{"line":8,"column":16},"end":{"line":16,"column":3}},"line":8},"1":{"name":"(anonymous_1)","decl":{"start":{"line":18,"column":2},"end":{"line":18,"column":3}},"loc":{"start":{"line":18,"column":22},"end":{"line":23,"column":3}},"line":18},"2":{"name":"(anonymous_2)","decl":{"start":{"line":25,"column":2},"end":{"line":25,"column":3}},"loc":{"start":{"line":25,"column":22},"end":{"line":47,"column":5}},"line":25},"3":{"name":"(anonymous_3)","decl":{"start":{"line":42,"column":13},"end":{"line":42,"column":14}},"loc":{"start":{"line":42,"column":18},"end":{"line":44,"column":8}},"line":42},"4":{"name":"(anonymous_4)","decl":{"start":{"line":45,"column":14},"end":{"line":45,"column":15}},"loc":{"start":{"line":45,"column":21},"end":{"line":45,"column":41}},"line":45},"5":{"name":"(anonymous_5)","decl":{"start":{"line":49,"column":2},"end":{"line":49,"column":3}},"loc":{"start":{"line":49,"column":11},"end":{"line":83,"column":3}},"line":49},"6":{"name":"(anonymous_6)","decl":{"start":{"line":86,"column":27},"end":{"line":86,"column":28}},"loc":{"start":{"line":86,"column":40},"end":{"line":90,"column":1}},"line":86},"7":{"name":"(anonymous_7)","decl":{"start":{"line":87,"column":7},"end":{"line":87,"column":8}},"loc":{"start":{"line":87,"column":16},"end":{"line":89,"column":3}},"line":87}},"branchMap":{"0":{"loc":{"start":{"line":27,"column":4},"end":{"line":46,"column":7}},"type":"if","locations":[{"start":{"line":27,"column":4},"end":{"line":46,"column":7}},{"start":{"line":27,"column":4},"end":{"line":46,"column":7}}],"line":27},"1":{"loc":{"start":{"line":64,"column":13},"end":{"line":64,"column":55}},"type":"cond-expr","locations":[{"start":{"line":64,"column":32},"end":{"line":64,"column":48}},{"start":{"line":64,"column":51},"end":{"line":64,"column":55}}],"line":64}},"s":{"0":4,"1":4,"2":4,"3":4,"4":3,"5":3,"6":3,"7":1,"8":2,"9":2,"10":2,"11":0,"12":2,"13":10,"14":1,"15":4,"16":0},"f":{"0":4,"1":3,"2":3,"3":0,"4":2,"5":10,"6":4,"7":0},"b":{"0":[1,2],"1":[1,9]},"_coverageSchema":"332fd63041d2c1bcb487cc26dd0d5f7d97098a6c","hash":"7ea1f151d1d7a12d64b25225026a2a4eae8c2903"}
,"/Users/gladysum/Desktop/todolist/browser/List.js": {"path":"/Users/gladysum/Desktop/todolist/browser/List.js","statementMap":{"0":{"start":{"line":7,"column":4},"end":{"line":7,"column":12}},"1":{"start":{"line":11,"column":4},"end":{"line":20,"column":5}},"2":{"start":{"line":14,"column":10},"end":{"line":17,"column":12}},"3":{"start":{"line":24,"column":24},"end":{"line":26,"column":2}},"4":{"start":{"line":24,"column":34},"end":{"line":26,"column":1}}},"fnMap":{"0":{"name":"(anonymous_0)","decl":{"start":{"line":6,"column":2},"end":{"line":6,"column":3}},"loc":{"start":{"line":6,"column":16},"end":{"line":8,"column":3}},"line":6},"1":{"name":"(anonymous_1)","decl":{"start":{"line":10,"column":2},"end":{"line":10,"column":3}},"loc":{"start":{"line":10,"column":11},"end":{"line":21,"column":3}},"line":10},"2":{"name":"(anonymous_2)","decl":{"start":{"line":13,"column":56},"end":{"line":13,"column":57}},"loc":{"start":{"line":14,"column":10},"end":{"line":17,"column":12}},"line":14},"3":{"name":"(anonymous_3)","decl":{"start":{"line":24,"column":24},"end":{"line":24,"column":25}},"loc":{"start":{"line":24,"column":34},"end":{"line":26,"column":1}},"line":24}},"branchMap":{"0":{"loc":{"start":{"line":13,"column":9},"end":{"line":18,"column":30}},"type":"cond-expr","locations":[{"start":{"line":13,"column":35},"end":{"line":18,"column":10}},{"start":{"line":18,"column":13},"end":{"line":18,"column":30}}],"line":13}},"s":{"0":5,"1":5,"2":0,"3":2,"4":5},"f":{"0":5,"1":5,"2":0,"3":5},"b":{"0":[0,5]},"_coverageSchema":"332fd63041d2c1bcb487cc26dd0d5f7d97098a6c","hash":"f91ee5e347fb7c18fbcf205ebd9c5e365325acf5"}
,"/Users/gladysum/Desktop/todolist/browser/Nav.js": {"path":"/Users/gladysum/Desktop/todolist/browser/Nav.js","statementMap":{"0":{"start":{"line":4,"column":12},"end":{"line":27,"column":1}},"1":{"start":{"line":5,"column":2},"end":{"line":26,"column":8}}},"fnMap":{"0":{"name":"(anonymous_0)","decl":{"start":{"line":4,"column":12},"end":{"line":4,"column":13}},"loc":{"start":{"line":5,"column":2},"end":{"line":26,"column":8}},"line":5}},"branchMap":{},"s":{"0":1,"1":6},"f":{"0":6},"b":{},"_coverageSchema":"332fd63041d2c1bcb487cc26dd0d5f7d97098a6c","hash":"ed0215f50a49a655ba10a875675ec7ef3d783ef7"}
,"/Users/gladysum/Desktop/todolist/browser/Task.js": {"path":"/Users/gladysum/Desktop/todolist/browser/Task.js","statementMap":{"0":{"start":{"line":7,"column":4},"end":{"line":7,"column":17}},"1":{"start":{"line":8,"column":4},"end":{"line":12,"column":6}},"2":{"start":{"line":13,"column":4},"end":{"line":13,"column":53}},"3":{"start":{"line":14,"column":4},"end":{"line":14,"column":49}},"4":{"start":{"line":15,"column":4},"end":{"line":15,"column":49}},"5":{"start":{"line":16,"column":4},"end":{"line":16,"column":53}},"6":{"start":{"line":20,"column":4},"end":{"line":20,"column":27}},"7":{"start":{"line":21,"column":16},"end":{"line":21,"column":32}},"8":{"start":{"line":22,"column":4},"end":{"line":22,"column":27}},"9":{"start":{"line":26,"column":4},"end":{"line":26,"column":27}},"10":{"start":{"line":27,"column":4},"end":{"line":31,"column":7}},"11":{"start":{"line":35,"column":4},"end":{"line":37,"column":7}},"12":{"start":{"line":41,"column":4},"end":{"line":41,"column":27}},"13":{"start":{"line":42,"column":4},"end":{"line":44,"column":7}},"14":{"start":{"line":45,"column":16},"end":{"line":45,"column":32}},"15":{"start":{"line":46,"column":16},"end":{"line":46,"column":32}},"16":{"start":{"line":47,"column":4},"end":{"line":49,"column":5}},"17":{"start":{"line":48,"column":6},"end":{"line":48,"column":39}},"18":{"start":{"line":54,"column":4},"end":{"line":90,"column":5}},"19":{"start":{"line":94,"column":27},"end":{"line":101,"column":2}},"20":{"start":{"line":94,"column":40},"end":{"line":101,"column":1}},"21":{"start":{"line":96,"column":4},"end":{"line":96,"column":25}},"22":{"start":{"line":99,"column":4},"end":{"line":99,"column":35}}},"fnMap":{"0":{"name":"(anonymous_0)","decl":{"start":{"line":6,"column":2},"end":{"line":6,"column":3}},"loc":{"start":{"line":6,"column":21},"end":{"line":17,"column":3}},"line":6},"1":{"name":"(anonymous_1)","decl":{"start":{"line":19,"column":2},"end":{"line":19,"column":3}},"loc":{"start":{"line":19,"column":22},"end":{"line":23,"column":3}},"line":19},"2":{"name":"(anonymous_2)","decl":{"start":{"line":25,"column":2},"end":{"line":25,"column":3}},"loc":{"start":{"line":25,"column":20},"end":{"line":32,"column":3}},"line":25},"3":{"name":"(anonymous_3)","decl":{"start":{"line":34,"column":2},"end":{"line":34,"column":3}},"loc":{"start":{"line":34,"column":22},"end":{"line":38,"column":3}},"line":34},"4":{"name":"(anonymous_4)","decl":{"start":{"line":40,"column":2},"end":{"line":40,"column":3}},"loc":{"start":{"line":40,"column":20},"end":{"line":50,"column":3}},"line":40},"5":{"name":"(anonymous_5)","decl":{"start":{"line":53,"column":2},"end":{"line":53,"column":3}},"loc":{"start":{"line":53,"column":11},"end":{"line":91,"column":3}},"line":53},"6":{"name":"(anonymous_6)","decl":{"start":{"line":94,"column":27},"end":{"line":94,"column":28}},"loc":{"start":{"line":94,"column":40},"end":{"line":101,"column":1}},"line":94},"7":{"name":"(anonymous_7)","decl":{"start":{"line":95,"column":8},"end":{"line":95,"column":9}},"loc":{"start":{"line":95,"column":17},"end":{"line":97,"column":3}},"line":95},"8":{"name":"(anonymous_8)","decl":{"start":{"line":98,"column":11},"end":{"line":98,"column":12}},"loc":{"start":{"line":98,"column":29},"end":{"line":100,"column":3}},"line":98}},"branchMap":{"0":{"loc":{"start":{"line":47,"column":4},"end":{"line":49,"column":5}},"type":"if","locations":[{"start":{"line":47,"column":4},"end":{"line":49,"column":5}},{"start":{"line":47,"column":4},"end":{"line":49,"column":5}}],"line":47},"1":{"loc":{"start":{"line":67,"column":21},"end":{"line":67,"column":72}},"type":"cond-expr","locations":[{"start":{"line":67,"column":43},"end":{"line":67,"column":56}},{"start":{"line":67,"column":59},"end":{"line":67,"column":72}}],"line":67},"2":{"loc":{"start":{"line":70,"column":19},"end":{"line":70,"column":74}},"type":"cond-expr","locations":[{"start":{"line":70,"column":41},"end":{"line":70,"column":56}},{"start":{"line":70,"column":59},"end":{"line":70,"column":74}}],"line":70},"3":{"loc":{"start":{"line":72,"column":11},"end":{"line":72,"column":48}},"type":"cond-expr","locations":[{"start":{"line":72,"column":33},"end":{"line":72,"column":39}},{"start":{"line":72,"column":42},"end":{"line":72,"column":48}}],"line":72},"4":{"loc":{"start":{"line":75,"column":9},"end":{"line":87,"column":12}},"type":"cond-expr","locations":[{"start":{"line":77,"column":10},"end":{"line":79,"column":16}},{"start":{"line":81,"column":10},"end":{"line":87,"column":12}}],"line":75},"5":{"loc":{"start":{"line":85,"column":19},"end":{"line":85,"column":80}},"type":"cond-expr","locations":[{"start":{"line":85,"column":46},"end":{"line":85,"column":62}},{"start":{"line":85,"column":65},"end":{"line":85,"column":80}}],"line":85}},"s":{"0":8,"1":8,"2":8,"3":8,"4":8,"5":8,"6":0,"7":0,"8":0,"9":5,"10":5,"11":0,"12":2,"13":2,"14":2,"15":2,"16":2,"17":0,"18":15,"19":3,"20":8,"21":0,"22":0},"f":{"0":8,"1":0,"2":5,"3":0,"4":2,"5":15,"6":8,"7":0,"8":0},"b":{"0":[0,2],"1":[10,5],"2":[10,5],"3":[10,5],"4":[10,5],"5":[5,0]},"_coverageSchema":"332fd63041d2c1bcb487cc26dd0d5f7d97098a6c","hash":"8ba5f7ad2153834b3e353ffed17b62058be5cf45"}
,"/Users/gladysum/Desktop/todolist/browser/index.js": {"path":"/Users/gladysum/Desktop/todolist/browser/index.js","statementMap":{"0":{"start":{"line":1,"column":26},"end":{"line":1,"column":42}},"1":{"start":{"line":1,"column":57},"end":{"line":1,"column":87}},"2":{"start":{"line":2,"column":16},"end":{"line":2,"column":36}},"3":{"start":{"line":2,"column":54},"end":{"line":2,"column":87}},"4":{"start":{"line":3,"column":22},"end":{"line":3,"column":49}},"5":{"start":{"line":4,"column":24},"end":{"line":4,"column":70}},"6":{"start":{"line":4,"column":96},"end":{"line":4,"column":137}},"7":{"start":{"line":5,"column":18},"end":{"line":5,"column":40}},"8":{"start":{"line":6,"column":13},"end":{"line":6,"column":31}},"9":{"start":{"line":6,"column":46},"end":{"line":6,"column":76}},"10":{"start":{"line":7,"column":11},"end":{"line":7,"column":27}},"11":{"start":{"line":7,"column":40},"end":{"line":7,"column":68}},"12":{"start":{"line":7,"column":107},"end":{"line":7,"column":161}},"13":{"start":{"line":9,"column":0},"end":{"line":17,"column":32}}},"fnMap":{"0":{"name":"_interopRequireDefault","decl":{"start":{"line":7,"column":78},"end":{"line":7,"column":100}},"loc":{"start":{"line":7,"column":106},"end":{"line":7,"column":162}},"line":7}},"branchMap":{"0":{"loc":{"start":{"line":7,"column":114},"end":{"line":7,"column":160}},"type":"cond-expr","locations":[{"start":{"line":7,"column":138},"end":{"line":7,"column":141}},{"start":{"line":7,"column":144},"end":{"line":7,"column":160}}],"line":7},"1":{"loc":{"start":{"line":7,"column":114},"end":{"line":7,"column":135}},"type":"binary-expr","locations":[{"start":{"line":7,"column":114},"end":{"line":7,"column":117}},{"start":{"line":7,"column":121},"end":{"line":7,"column":135}}],"line":7}},"s":{"0":0,"1":0,"2":0,"3":0,"4":0,"5":0,"6":0,"7":0,"8":0,"9":0,"10":0,"11":0,"12":0,"13":0},"f":{"0":0},"b":{"0":[0,0],"1":[0,0]}}
,"/Users/gladysum/Desktop/todolist/browser/reducer.js": {"path":"/Users/gladysum/Desktop/todolist/browser/reducer.js","statementMap":{"0":{"start":{"line":1,"column":21},"end":{"line":3,"column":1}},"1":{"start":{"line":7,"column":16},"end":{"line":29,"column":1}},"2":{"start":{"line":8,"column":2},"end":{"line":28,"column":3}},"3":{"start":{"line":10,"column":6},"end":{"line":12,"column":9}},"4":{"start":{"line":15,"column":6},"end":{"line":17,"column":9}},"5":{"start":{"line":16,"column":51},"end":{"line":16,"column":75}},"6":{"start":{"line":20,"column":21},"end":{"line":20,"column":41}},"7":{"start":{"line":21,"column":21},"end":{"line":21,"column":41}},"8":{"start":{"line":22,"column":6},"end":{"line":24,"column":9}},"9":{"start":{"line":23,"column":48},"end":{"line":23,"column":84}},"10":{"start":{"line":27,"column":6},"end":{"line":27,"column":19}},"11":{"start":{"line":33,"column":19},"end":{"line":33,"column":24}},"12":{"start":{"line":34,"column":20},"end":{"line":34,"column":26}},"13":{"start":{"line":35,"column":23},"end":{"line":35,"column":32}},"14":{"start":{"line":39,"column":19},"end":{"line":42,"column":2}},"15":{"start":{"line":39,"column":29},"end":{"line":42,"column":1}},"16":{"start":{"line":44,"column":20},"end":{"line":47,"column":2}},"17":{"start":{"line":44,"column":30},"end":{"line":47,"column":1}},"18":{"start":{"line":49,"column":23},"end":{"line":55,"column":2}},"19":{"start":{"line":49,"column":42},"end":{"line":55,"column":1}}},"fnMap":{"0":{"name":"(anonymous_0)","decl":{"start":{"line":7,"column":16},"end":{"line":7,"column":17}},"loc":{"start":{"line":7,"column":50},"end":{"line":29,"column":1}},"line":7},"1":{"name":"(anonymous_1)","decl":{"start":{"line":16,"column":34},"end":{"line":16,"column":35}},"loc":{"start":{"line":16,"column":51},"end":{"line":16,"column":75}},"line":16},"2":{"name":"(anonymous_2)","decl":{"start":{"line":23,"column":31},"end":{"line":23,"column":32}},"loc":{"start":{"line":23,"column":48},"end":{"line":23,"column":84}},"line":23},"3":{"name":"(anonymous_3)","decl":{"start":{"line":39,"column":19},"end":{"line":39,"column":20}},"loc":{"start":{"line":39,"column":29},"end":{"line":42,"column":1}},"line":39},"4":{"name":"(anonymous_4)","decl":{"start":{"line":44,"column":20},"end":{"line":44,"column":21}},"loc":{"start":{"line":44,"column":30},"end":{"line":47,"column":1}},"line":44},"5":{"name":"(anonymous_5)","decl":{"start":{"line":49,"column":23},"end":{"line":49,"column":24}},"loc":{"start":{"line":49,"column":42},"end":{"line":55,"column":1}},"line":49}},"branchMap":{"0":{"loc":{"start":{"line":7,"column":17},"end":{"line":7,"column":37}},"type":"default-arg","locations":[{"start":{"line":7,"column":25},"end":{"line":7,"column":37}}],"line":7},"1":{"loc":{"start":{"line":8,"column":2},"end":{"line":28,"column":3}},"type":"switch","locations":[{"start":{"line":9,"column":4},"end":{"line":12,"column":9}},{"start":{"line":14,"column":4},"end":{"line":17,"column":9}},{"start":{"line":19,"column":4},"end":{"line":24,"column":9}},{"start":{"line":26,"column":4},"end":{"line":27,"column":19}}],"line":8},"2":{"loc":{"start":{"line":23,"column":48},"end":{"line":23,"column":84}},"type":"cond-expr","locations":[{"start":{"line":23,"column":69},"end":{"line":23,"column":77}},{"start":{"line":23,"column":80},"end":{"line":23,"column":84}}],"line":23}},"s":{"0":4,"1":4,"2":7,"3":1,"4":1,"5":3,"6":1,"7":1,"8":1,"9":3,"10":4,"11":4,"12":4,"13":4,"14":4,"15":1,"16":4,"17":1,"18":4,"19":1},"f":{"0":7,"1":3,"2":3,"3":1,"4":1,"5":1},"b":{"0":[5],"1":[1,1,1,4],"2":[1,2]},"_coverageSchema":"332fd63041d2c1bcb487cc26dd0d5f7d97098a6c","hash":"63904e70de10babc24d5e5720ed78fa4d33d0281"}
,"/Users/gladysum/Desktop/todolist/browser/store.js": {"path":"/Users/gladysum/Desktop/todolist/browser/store.js","statementMap":{"0":{"start":{"line":6,"column":14},"end":{"line":12,"column":1}}},"fnMap":{},"branchMap":{},"s":{"0":3},"f":{},"b":{},"_coverageSchema":"332fd63041d2c1bcb487cc26dd0d5f7d97098a6c","hash":"4056c3a69e55977c5e176d9d2cd31be767e2244a"}
}
