TN:
SF:/Users/gladysum/Desktop/todolist/browser/About.js
FN:3,(anonymous_0)
FNF:1
FNH:1
FNDA:2,(anonymous_0)
DA:3,2
DA:4,2
LF:2
LH:2
BRF:0
BRH:0
end_of_record
TN:
SF:/Users/gladysum/Desktop/todolist/browser/App.js
FN:22,(anonymous_0)
FN:25,(anonymous_1)
FN:28,(anonymous_2)
FN:31,(anonymous_3)
FN:38,(anonymous_4)
FN:53,(anonymous_5)
FN:57,(anonymous_6)
FN:58,(anonymous_7)
FNF:8
FNH:6
FNDA:1,(anonymous_0)
FNDA:0,(anonymous_1)
FNDA:1,(anonymous_2)
FNDA:1,(anonymous_3)
FNDA:2,(anonymous_4)
FNDA:1,(anonymous_5)
FNDA:1,(anonymous_6)
FNDA:0,(anonymous_7)
DA:10,1
DA:24,1
DA:26,0
DA:28,1
DA:32,1
DA:39,2
DA:53,1
DA:57,1
DA:59,0
LF:9
LH:7
BRF:0
BRH:0
end_of_record
TN:
SF:/Users/gladysum/Desktop/todolist/browser/Home.js
FN:8,(anonymous_0)
FN:18,(anonymous_1)
FN:25,(anonymous_2)
FN:36,(anonymous_3)
FN:44,(anonymous_4)
FN:48,(anonymous_5)
FN:85,(anonymous_6)
FN:86,(anonymous_7)
FNF:8
FNH:6
FNDA:1,(anonymous_0)
FNDA:2,(anonymous_1)
FNDA:2,(anonymous_2)
FNDA:0,(anonymous_3)
FNDA:1,(anonymous_4)
FNDA:4,(anonymous_5)
FNDA:1,(anonymous_6)
FNDA:0,(anonymous_7)
DA:9,1
DA:10,1
DA:14,1
DA:15,1
DA:19,2
DA:26,2
DA:27,2
DA:28,1
DA:33,1
DA:35,1
DA:38,0
DA:40,0
DA:44,1
DA:49,4
DA:85,2
DA:87,0
LF:16
LH:13
BRDA:27,0,0,1
BRDA:27,0,1,1
BRDA:63,1,0,1
BRDA:63,1,1,3
BRF:4
BRH:4
end_of_record
TN:
SF:/Users/gladysum/Desktop/todolist/browser/List.js
FN:6,(anonymous_0)
FN:10,(anonymous_1)
FN:13,(anonymous_2)
FN:24,(anonymous_3)
FNF:4
FNH:4
FNDA:3,(anonymous_0)
FNDA:3,(anonymous_1)
FNDA:3,(anonymous_2)
FNDA:1,(anonymous_3)
DA:7,3
DA:11,3
DA:14,3
DA:24,3
LF:4
LH:4
BRDA:13,0,0,1
BRDA:13,0,1,2
BRF:2
BRH:2
end_of_record
TN:
SF:/Users/gladysum/Desktop/todolist/browser/Nav.js
FN:4,(anonymous_0)
FNF:1
FNH:1
FNDA:2,(anonymous_0)
DA:4,2
DA:5,2
LF:2
LH:2
BRF:0
BRH:0
end_of_record
TN:
SF:/Users/gladysum/Desktop/todolist/browser/Task.js
FN:7,(anonymous_0)
FN:21,(anonymous_1)
FN:26,(anonymous_2)
FN:29,(anonymous_3)
FN:32,(anonymous_4)
FN:41,(anonymous_5)
FN:47,(anonymous_6)
FN:67,(anonymous_7)
FN:74,(anonymous_8)
FN:78,(anonymous_9)
FN:124,(anonymous_10)
FN:125,(anonymous_11)
FN:128,(anonymous_12)
FNF:13
FNH:5
FNDA:11,(anonymous_0)
FNDA:0,(anonymous_1)
FNDA:0,(anonymous_2)
FNDA:0,(anonymous_3)
FNDA:8,(anonymous_4)
FNDA:1,(anonymous_5)
FNDA:4,(anonymous_6)
FNDA:0,(anonymous_7)
FNDA:0,(anonymous_8)
FNDA:24,(anonymous_9)
FNDA:0,(anonymous_10)
FNDA:0,(anonymous_11)
FNDA:0,(anonymous_12)
DA:8,11
DA:9,11
DA:15,11
DA:16,11
DA:17,11
DA:18,11
DA:22,0
DA:23,0
DA:25,0
DA:27,0
DA:29,0
DA:33,8
DA:34,8
DA:42,1
DA:48,4
DA:49,4
DA:50,4
DA:52,4
DA:53,1
DA:58,3
DA:59,3
DA:66,0
DA:68,0
DA:69,0
DA:74,0
DA:79,24
DA:124,4
DA:126,0
DA:129,0
LF:29
LH:18
BRDA:52,0,0,1
BRDA:52,0,1,3
BRDA:58,1,0,3
BRDA:58,1,1,0
BRDA:92,2,0,14
BRDA:92,2,1,10
BRDA:95,3,0,14
BRDA:95,3,1,10
BRDA:97,4,0,14
BRDA:97,4,1,10
BRDA:100,5,0,14
BRDA:100,5,1,10
BRDA:110,6,0,10
BRDA:110,6,1,0
BRDA:116,7,0,1
BRDA:116,7,1,23
BRF:16
BRH:14
end_of_record
TN:
SF:/Users/gladysum/Desktop/todolist/browser/index.js
FN:6,_interopRequireDefault
FNF:1
FNH:0
FNDA:0,_interopRequireDefault
DA:1,0
DA:2,0
DA:3,0
DA:4,0
DA:5,0
DA:6,0
DA:8,0
LF:7
LH:0
BRDA:6,0,0,0
BRDA:6,0,1,0
BRDA:6,1,0,0
BRDA:6,1,1,0
BRF:4
BRH:0
end_of_record
TN:
SF:/Users/gladysum/Desktop/todolist/browser/reducer.js
FN:7,(anonymous_0)
FN:16,(anonymous_1)
FN:23,(anonymous_2)
FN:45,(anonymous_3)
FN:50,(anonymous_4)
FN:55,(anonymous_5)
FN:63,(anonymous_6)
FNF:7
FNH:6
FNDA:7,(anonymous_0)
FNDA:3,(anonymous_1)
FNDA:3,(anonymous_2)
FNDA:1,(anonymous_3)
FNDA:1,(anonymous_4)
FNDA:1,(anonymous_5)
FNDA:0,(anonymous_6)
DA:1,5
DA:7,5
DA:8,7
DA:10,1
DA:15,1
DA:16,3
DA:20,1
DA:21,1
DA:22,1
DA:23,3
DA:27,0
DA:32,4
DA:38,5
DA:39,5
DA:40,5
DA:41,5
DA:45,5
DA:50,5
DA:55,5
DA:63,5
LF:20
LH:19
BRDA:7,0,0,5
BRDA:8,1,0,1
BRDA:8,1,1,1
BRDA:8,1,2,1
BRDA:8,1,3,0
BRDA:8,1,4,4
BRDA:23,2,0,1
BRDA:23,2,1,2
BRF:8
BRH:7
end_of_record
TN:
SF:/Users/gladysum/Desktop/todolist/browser/store.js
FNF:0
FNH:0
DA:7,3
LF:1
LH:1
BRF:0
BRH:0
end_of_record
